Command line invocation:
    /Applications/Xcode.app/Contents/Developer/usr/bin/xcodebuild build -scheme ScanApp -sdk iphonesimulator -destination "platform=iOS Simulator,name=iPhone 15"

User defaults from command line:
    IDEPackageSupportUseBuiltinSCM = YES

Build settings from command line:
    SDKROOT = iphonesimulator17.4

Resolve Package Graph
Invalid Resource 'Resources': File not found.Invalid Resource 'Resources': File not found.

Resolved source packages:
  Scenarios: https://github.com/antranapp/Scenarios @ 2.3.0
  swift-markdown: https://github.com/apple/swift-markdown.git @ main (907674c)
  swift-log: https://github.com/apple/swift-log.git @ 1.5.4
  DashBoard: /Users/kevin/ChatBot/ScanApp/Features/DashBoard
  CoreUI: /Users/kevin/ChatBot/ScanApp/Cores/CoreUI
  TestSupport: /Users/kevin/ChatBot/ScanApp/TestSupport/TestSupport
  OHHTTPStubs: https://github.com/AliSoftware/OHHTTPStubs @ 9.1.0
  NetWork: /Users/kevin/ChatBot/ScanApp/Cores/NetWork
  Logger: /Users/kevin/ChatBot/ScanApp/Foundation/Logger
  DebugMenu: /Users/kevin/ChatBot/ScanApp/Scenarios/DebugMenu
  cmark-gfm: https://github.com/apple/swift-cmark.git @ gfm (2c47322)
  Pulse: https://github.com/kean/Pulse @ 0.20.2
  QA: /Users/kevin/ChatBot/ScanApp/Scenarios/QA
  Highlightr: https://github.com/raspu/Highlightr.git @ 2.1.2
  Message: /Users/kevin/ChatBot/ScanApp/Features/Message

Prepare packages

ComputeTargetDependencyGraph
note: Building targets in dependency order
note: Target dependency graph (27 targets)
    Target 'ScanApp' in project 'ScanApp'
        ➜ Explicit dependency on target 'Logger' in project 'Logger'
        ➜ Explicit dependency on target 'Message' in project 'Message'
        ➜ Explicit dependency on target 'NetWork' in project 'NetWork'
    Target 'Message' in project 'Message'
        ➜ Explicit dependency on target 'Message' in project 'Message'
        ➜ Explicit dependency on target 'Message_Message' in project 'Message'
        ➜ Explicit dependency on target 'CoreUI' in project 'CoreUI'
        ➜ Explicit dependency on target 'NetWork' in project 'NetWork'
    Target 'Message' in project 'Message'
        ➜ Explicit dependency on target 'Message_Message' in project 'Message'
        ➜ Explicit dependency on target 'CoreUI' in project 'CoreUI'
        ➜ Explicit dependency on target 'NetWork' in project 'NetWork'
    Target 'NetWork' in project 'NetWork'
        ➜ Explicit dependency on target 'NetWork' in project 'NetWork'
        ➜ Explicit dependency on target 'TestSupport' in project 'TestSupport'
        ➜ Explicit dependency on target 'Logger' in project 'Logger'
    Target 'NetWork' in project 'NetWork'
        ➜ Explicit dependency on target 'TestSupport' in project 'TestSupport'
        ➜ Explicit dependency on target 'Logger' in project 'Logger'
    Target 'TestSupport' in project 'TestSupport'
        ➜ Explicit dependency on target 'TestSupport' in project 'TestSupport'
        ➜ Explicit dependency on target 'OHHTTPStubsSwift' in project 'OHHTTPStubs'
    Target 'TestSupport' in project 'TestSupport'
        ➜ Explicit dependency on target 'OHHTTPStubsSwift' in project 'OHHTTPStubs'
    Target 'OHHTTPStubsSwift' in project 'OHHTTPStubs'
        ➜ Explicit dependency on target 'OHHTTPStubs' in project 'OHHTTPStubs'
        ➜ Explicit dependency on target 'OHHTTPStubsSwift' in project 'OHHTTPStubs'
    Target 'OHHTTPStubsSwift' in project 'OHHTTPStubs'
        ➜ Explicit dependency on target 'OHHTTPStubs' in project 'OHHTTPStubs'
    Target 'OHHTTPStubs' in project 'OHHTTPStubs' (no dependencies)
    Target 'CoreUI' in project 'CoreUI'
        ➜ Explicit dependency on target 'CoreUI' in project 'CoreUI'
        ➜ Explicit dependency on target 'Markdown' in project 'swift-markdown'
        ➜ Explicit dependency on target 'Highlightr' in project 'Highlightr'
    Target 'CoreUI' in project 'CoreUI'
        ➜ Explicit dependency on target 'Markdown' in project 'swift-markdown'
        ➜ Explicit dependency on target 'Highlightr' in project 'Highlightr'
    Target 'Highlightr' in project 'Highlightr'
        ➜ Explicit dependency on target 'Highlightr' in project 'Highlightr'
        ➜ Explicit dependency on target 'Highlightr_Highlightr' in project 'Highlightr'
    Target 'Highlightr' in project 'Highlightr'
        ➜ Explicit dependency on target 'Highlightr_Highlightr' in project 'Highlightr'
    Target 'Highlightr_Highlightr' in project 'Highlightr' (no dependencies)
    Target 'Markdown' in project 'swift-markdown'
        ➜ Explicit dependency on target 'Markdown' in project 'swift-markdown'
        ➜ Explicit dependency on target 'CAtomic' in project 'swift-markdown'
        ➜ Explicit dependency on target 'cmark-gfm' in project 'cmark-gfm'
        ➜ Explicit dependency on target 'cmark-gfm-extensions' in project 'cmark-gfm'
    Target 'Markdown' in project 'swift-markdown'
        ➜ Explicit dependency on target 'CAtomic' in project 'swift-markdown'
        ➜ Explicit dependency on target 'cmark-gfm' in project 'cmark-gfm'
        ➜ Explicit dependency on target 'cmark-gfm-extensions' in project 'cmark-gfm'
    Target 'cmark-gfm-extensions' in project 'cmark-gfm'
        ➜ Explicit dependency on target 'cmark-gfm-extensions' in project 'cmark-gfm'
        ➜ Explicit dependency on target 'cmark-gfm' in project 'cmark-gfm'
    Target 'cmark-gfm-extensions' in project 'cmark-gfm'
        ➜ Explicit dependency on target 'cmark-gfm' in project 'cmark-gfm'
    Target 'cmark-gfm' in project 'cmark-gfm'
        ➜ Explicit dependency on target 'cmark-gfm' in project 'cmark-gfm'
    Target 'cmark-gfm' in project 'cmark-gfm' (no dependencies)
    Target 'CAtomic' in project 'swift-markdown' (no dependencies)
    Target 'Message_Message' in project 'Message' (no dependencies)
    Target 'Logger' in project 'Logger'
        ➜ Explicit dependency on target 'Logger' in project 'Logger'
        ➜ Explicit dependency on target 'Logging' in project 'swift-log'
    Target 'Logger' in project 'Logger'
        ➜ Explicit dependency on target 'Logging' in project 'swift-log'
    Target 'Logging' in project 'swift-log'
        ➜ Explicit dependency on target 'Logging' in project 'swift-log'
    Target 'Logging' in project 'swift-log' (no dependencies)

GatherProvisioningInputs

CreateBuildDescription

ExecuteExternalTool /Applications/Xcode.app/Contents/Developer/Toolchains/XcodeDefault.xctoolchain/usr/bin/swiftc -v

ExecuteExternalTool /Applications/Xcode.app/Contents/Developer/usr/bin/actool --print-asset-tag-combinations --output-format xml1 /Users/kevin/ChatBot/ScanApp/Preview Content/Preview Assets.xcassets /Users/kevin/ChatBot/ScanApp/Assets.xcassets

ExecuteExternalTool /Applications/Xcode.app/Contents/Developer/Toolchains/XcodeDefault.xctoolchain/usr/bin/clang -v -E -dM -arch arm64 -isysroot /Applications/Xcode.app/Contents/Developer/Platforms/iPhoneSimulator.platform/Developer/SDKs/iPhoneSimulator17.4.sdk -x c -c /dev/null

ExecuteExternalTool /Applications/Xcode.app/Contents/Developer/usr/bin/actool --version --output-format xml1

ExecuteExternalTool /Applications/Xcode.app/Contents/Developer/Toolchains/XcodeDefault.xctoolchain/usr/bin/clang -v -E -dM -isysroot /Applications/Xcode.app/Contents/Developer/Platforms/iPhoneSimulator.platform/Developer/SDKs/iPhoneSimulator17.4.sdk -x c -c /dev/null

ExecuteExternalTool /Applications/Xcode.app/Contents/Developer/Toolchains/XcodeDefault.xctoolchain/usr/bin/ld -version_details

ExecuteExternalTool /Applications/Xcode.app/Contents/Developer/Toolchains/XcodeDefault.xctoolchain/usr/bin/clang -v -E -dM -arch arm64 -isysroot /Applications/Xcode.app/Contents/Developer/Platforms/iPhoneSimulator.platform/Developer/SDKs/iPhoneSimulator17.4.sdk -x objective-c -c /dev/null

ExecuteExternalTool /bin/cat /Applications/Xcode.app/Contents/Developer/Toolchains/XcodeDefault.xctoolchain/usr/share/docc/features.json

Build description signature: bd9289a180c45ab05c5e0553b5dbb77e
Build description path: /Users/kevin/Library/Developer/Xcode/DerivedData/ScanApp-exnezpjtpmnbcvbeuskwjkluesec/Build/Intermediates.noindex/XCBuildData/bd9289a180c45ab05c5e0553b5dbb77e.xcbuilddata
ClangStatCache /Applications/Xcode.app/Contents/Developer/Toolchains/XcodeDefault.xctoolchain/usr/bin/clang-stat-cache /Applications/Xcode.app/Contents/Developer/Platforms/iPhoneSimulator.platform/Developer/SDKs/iPhoneSimulator17.4.sdk /Users/kevin/Library/Developer/Xcode/DerivedData/SDKStatCaches.noindex/iphonesimulator17.4-21E210-aa93b11c43e2d16681ac3fa171344f4f.sdkstatcache
    cd /Users/kevin/ChatBot/ScanApp.xcodeproj
    /Applications/Xcode.app/Contents/Developer/Toolchains/XcodeDefault.xctoolchain/usr/bin/clang-stat-cache /Applications/Xcode.app/Contents/Developer/Platforms/iPhoneSimulator.platform/Developer/SDKs/iPhoneSimulator17.4.sdk -o /Users/kevin/Library/Developer/Xcode/DerivedData/SDKStatCaches.noindex/iphonesimulator17.4-21E210-aa93b11c43e2d16681ac3fa171344f4f.sdkstatcache

ProcessInfoPlistFile /Users/kevin/Library/Developer/Xcode/DerivedData/ScanApp-exnezpjtpmnbcvbeuskwjkluesec/Build/Products/Debug-iphonesimulator/Message_Message.bundle/Info.plist /Users/kevin/Library/Developer/Xcode/DerivedData/ScanApp-exnezpjtpmnbcvbeuskwjkluesec/Build/Intermediates.noindex/Message.build/Debug-iphonesimulator/Message_Message.build/empty-Message_Message.plist (in target 'Message_Message' from project 'Message')
    cd /Users/kevin/ChatBot/ScanApp/Features/Message
    builtin-infoPlistUtility /Users/kevin/Library/Developer/Xcode/DerivedData/ScanApp-exnezpjtpmnbcvbeuskwjkluesec/Build/Intermediates.noindex/Message.build/Debug-iphonesimulator/Message_Message.build/empty-Message_Message.plist -producttype com.apple.product-type.bundle -expandbuildsettings -format binary -platform iphonesimulator -additionalcontentfile /Users/kevin/Library/Developer/Xcode/DerivedData/ScanApp-exnezpjtpmnbcvbeuskwjkluesec/Build/Intermediates.noindex/Message.build/Debug-iphonesimulator/Message_Message.build/assetcatalog_generated_info.plist -o /Users/kevin/Library/Developer/Xcode/DerivedData/ScanApp-exnezpjtpmnbcvbeuskwjkluesec/Build/Products/Debug-iphonesimulator/Message_Message.bundle/Info.plist

ProcessProductPackaging /Users/kevin/ChatBot/ScanApp/ScanApp.entitlements /Users/kevin/Library/Developer/Xcode/DerivedData/ScanApp-exnezpjtpmnbcvbeuskwjkluesec/Build/Intermediates.noindex/ScanApp.build/Debug-iphonesimulator/ScanApp.build/ScanApp.app.xcent (in target 'ScanApp' from project 'ScanApp')
    cd /Users/kevin/ChatBot
    
    Entitlements:
    
    {
    "com.apple.security.get-task-allow" = 1;
}
    
    builtin-productPackagingUtility /Users/kevin/ChatBot/ScanApp/ScanApp.entitlements -entitlements -format xml -o /Users/kevin/Library/Developer/Xcode/DerivedData/ScanApp-exnezpjtpmnbcvbeuskwjkluesec/Build/Intermediates.noindex/ScanApp.build/Debug-iphonesimulator/ScanApp.build/ScanApp.app.xcent

ProcessInfoPlistFile /Users/kevin/Library/Developer/Xcode/DerivedData/ScanApp-exnezpjtpmnbcvbeuskwjkluesec/Build/Products/Debug-iphonesimulator/Highlightr_Highlightr.bundle/Info.plist /Users/kevin/Library/Developer/Xcode/DerivedData/ScanApp-exnezpjtpmnbcvbeuskwjkluesec/Build/Intermediates.noindex/Highlightr.build/Debug-iphonesimulator/Highlightr_Highlightr.build/empty-Highlightr_Highlightr.plist (in target 'Highlightr_Highlightr' from project 'Highlightr')
    cd /Users/kevin/Library/Developer/Xcode/DerivedData/ScanApp-exnezpjtpmnbcvbeuskwjkluesec/SourcePackages/checkouts/Highlightr
    builtin-infoPlistUtility /Users/kevin/Library/Developer/Xcode/DerivedData/ScanApp-exnezpjtpmnbcvbeuskwjkluesec/Build/Intermediates.noindex/Highlightr.build/Debug-iphonesimulator/Highlightr_Highlightr.build/empty-Highlightr_Highlightr.plist -producttype com.apple.product-type.bundle -expandbuildsettings -format binary -platform iphonesimulator -o /Users/kevin/Library/Developer/Xcode/DerivedData/ScanApp-exnezpjtpmnbcvbeuskwjkluesec/Build/Products/Debug-iphonesimulator/Highlightr_Highlightr.bundle/Info.plist

ProcessProductPackaging /Users/kevin/ChatBot/ScanApp/ScanApp.entitlements /Users/kevin/Library/Developer/Xcode/DerivedData/ScanApp-exnezpjtpmnbcvbeuskwjkluesec/Build/Intermediates.noindex/ScanApp.build/Debug-iphonesimulator/ScanApp.build/ScanApp.app-Simulated.xcent (in target 'ScanApp' from project 'ScanApp')
    cd /Users/kevin/ChatBot
    
    Entitlements:
    
    {
    "application-identifier" = "PBBT599Q77.kevin.ScanApp";
    "com.apple.developer.siri" = 1;
}
    
    builtin-productPackagingUtility /Users/kevin/ChatBot/ScanApp/ScanApp.entitlements -entitlements -format xml -o /Users/kevin/Library/Developer/Xcode/DerivedData/ScanApp-exnezpjtpmnbcvbeuskwjkluesec/Build/Intermediates.noindex/ScanApp.build/Debug-iphonesimulator/ScanApp.build/ScanApp.app-Simulated.xcent

ProcessProductPackagingDER /Users/kevin/Library/Developer/Xcode/DerivedData/ScanApp-exnezpjtpmnbcvbeuskwjkluesec/Build/Intermediates.noindex/ScanApp.build/Debug-iphonesimulator/ScanApp.build/ScanApp.app.xcent /Users/kevin/Library/Developer/Xcode/DerivedData/ScanApp-exnezpjtpmnbcvbeuskwjkluesec/Build/Intermediates.noindex/ScanApp.build/Debug-iphonesimulator/ScanApp.build/ScanApp.app.xcent.der (in target 'ScanApp' from project 'ScanApp')
    cd /Users/kevin/ChatBot
    /usr/bin/derq query -f xml -i /Users/kevin/Library/Developer/Xcode/DerivedData/ScanApp-exnezpjtpmnbcvbeuskwjkluesec/Build/Intermediates.noindex/ScanApp.build/Debug-iphonesimulator/ScanApp.build/ScanApp.app.xcent -o /Users/kevin/Library/Developer/Xcode/DerivedData/ScanApp-exnezpjtpmnbcvbeuskwjkluesec/Build/Intermediates.noindex/ScanApp.build/Debug-iphonesimulator/ScanApp.build/ScanApp.app.xcent.der --raw

ProcessProductPackagingDER /Users/kevin/Library/Developer/Xcode/DerivedData/ScanApp-exnezpjtpmnbcvbeuskwjkluesec/Build/Intermediates.noindex/ScanApp.build/Debug-iphonesimulator/ScanApp.build/ScanApp.app-Simulated.xcent /Users/kevin/Library/Developer/Xcode/DerivedData/ScanApp-exnezpjtpmnbcvbeuskwjkluesec/Build/Intermediates.noindex/ScanApp.build/Debug-iphonesimulator/ScanApp.build/ScanApp.app-Simulated.xcent.der (in target 'ScanApp' from project 'ScanApp')
    cd /Users/kevin/ChatBot
    /usr/bin/derq query -f xml -i /Users/kevin/Library/Developer/Xcode/DerivedData/ScanApp-exnezpjtpmnbcvbeuskwjkluesec/Build/Intermediates.noindex/ScanApp.build/Debug-iphonesimulator/ScanApp.build/ScanApp.app-Simulated.xcent -o /Users/kevin/Library/Developer/Xcode/DerivedData/ScanApp-exnezpjtpmnbcvbeuskwjkluesec/Build/Intermediates.noindex/ScanApp.build/Debug-iphonesimulator/ScanApp.build/ScanApp.app-Simulated.xcent.der --raw

ProcessInfoPlistFile /Users/kevin/Library/Developer/Xcode/DerivedData/ScanApp-exnezpjtpmnbcvbeuskwjkluesec/Build/Products/Debug-iphonesimulator/ScanApp.app/Info.plist /Users/kevin/ChatBot/ScanApp/Info.plist (in target 'ScanApp' from project 'ScanApp')
    cd /Users/kevin/ChatBot
    builtin-infoPlistUtility /Users/kevin/ChatBot/ScanApp/Info.plist -producttype com.apple.product-type.application -genpkginfo /Users/kevin/Library/Developer/Xcode/DerivedData/ScanApp-exnezpjtpmnbcvbeuskwjkluesec/Build/Products/Debug-iphonesimulator/ScanApp.app/PkgInfo -expandbuildsettings -format binary -platform iphonesimulator -additionalcontentfile /Users/kevin/Library/Developer/Xcode/DerivedData/ScanApp-exnezpjtpmnbcvbeuskwjkluesec/Build/Intermediates.noindex/ScanApp.build/Debug-iphonesimulator/ScanApp.build/assetcatalog_generated_info.plist -scanforprivacyfile /Users/kevin/Library/Developer/Xcode/DerivedData/ScanApp-exnezpjtpmnbcvbeuskwjkluesec/Build/Products/Debug-iphonesimulator/ScanApp.app/Highlightr_Highlightr.bundle -scanforprivacyfile /Users/kevin/Library/Developer/Xcode/DerivedData/ScanApp-exnezpjtpmnbcvbeuskwjkluesec/Build/Products/Debug-iphonesimulator/ScanApp.app/Message_Message.bundle -o /Users/kevin/Library/Developer/Xcode/DerivedData/ScanApp-exnezpjtpmnbcvbeuskwjkluesec/Build/Products/Debug-iphonesimulator/ScanApp.app/Info.plist

Ld /Users/kevin/Library/Developer/Xcode/DerivedData/ScanApp-exnezpjtpmnbcvbeuskwjkluesec/Build/Products/Debug-iphonesimulator/ScanApp.app/ScanApp normal (in target 'ScanApp' from project 'ScanApp')
    cd /Users/kevin/ChatBot
    /Applications/Xcode.app/Contents/Developer/Toolchains/XcodeDefault.xctoolchain/usr/bin/clang -Xlinker -reproducible -target arm64-apple-ios17.4-simulator -isysroot /Applications/Xcode.app/Contents/Developer/Platforms/iPhoneSimulator.platform/Developer/SDKs/iPhoneSimulator17.4.sdk -O0 -L/Users/kevin/Library/Developer/Xcode/DerivedData/ScanApp-exnezpjtpmnbcvbeuskwjkluesec/Build/Intermediates.noindex/EagerLinkingTBDs/Debug-iphonesimulator -L/Users/kevin/Library/Developer/Xcode/DerivedData/ScanApp-exnezpjtpmnbcvbeuskwjkluesec/Build/Products/Debug-iphonesimulator -F/Users/kevin/Library/Developer/Xcode/DerivedData/ScanApp-exnezpjtpmnbcvbeuskwjkluesec/Build/Intermediates.noindex/EagerLinkingTBDs/Debug-iphonesimulator -F/Users/kevin/Library/Developer/Xcode/DerivedData/ScanApp-exnezpjtpmnbcvbeuskwjkluesec/Build/Products/Debug-iphonesimulator/PackageFrameworks -F/Users/kevin/Library/Developer/Xcode/DerivedData/ScanApp-exnezpjtpmnbcvbeuskwjkluesec/Build/Products/Debug-iphonesimulator/PackageFrameworks -F/Users/kevin/Library/Developer/Xcode/DerivedData/ScanApp-exnezpjtpmnbcvbeuskwjkluesec/Build/Products/Debug-iphonesimulator/PackageFrameworks -F/Users/kevin/Library/Developer/Xcode/DerivedData/ScanApp-exnezpjtpmnbcvbeuskwjkluesec/Build/Products/Debug-iphonesimulator/PackageFrameworks -F/Users/kevin/Library/Developer/Xcode/DerivedData/ScanApp-exnezpjtpmnbcvbeuskwjkluesec/Build/Products/Debug-iphonesimulator/PackageFrameworks -F/Users/kevin/Library/Developer/Xcode/DerivedData/ScanApp-exnezpjtpmnbcvbeuskwjkluesec/Build/Products/Debug-iphonesimulator/PackageFrameworks -F/Users/kevin/Library/Developer/Xcode/DerivedData/ScanApp-exnezpjtpmnbcvbeuskwjkluesec/Build/Products/Debug-iphonesimulator/PackageFrameworks -F/Users/kevin/Library/Developer/Xcode/DerivedData/ScanApp-exnezpjtpmnbcvbeuskwjkluesec/Build/Products/Debug-iphonesimulator/PackageFrameworks -F/Users/kevin/Library/Developer/Xcode/DerivedData/ScanApp-exnezpjtpmnbcvbeuskwjkluesec/Build/Products/Debug-iphonesimulator/PackageFrameworks -F/Users/kevin/Library/Developer/Xcode/DerivedData/ScanApp-exnezpjtpmnbcvbeuskwjkluesec/Build/Products/Debug-iphonesimulator/PackageFrameworks -F/Users/kevin/Library/Developer/Xcode/DerivedData/ScanApp-exnezpjtpmnbcvbeuskwjkluesec/Build/Products/Debug-iphonesimulator/PackageFrameworks -F/Users/kevin/Library/Developer/Xcode/DerivedData/ScanApp-exnezpjtpmnbcvbeuskwjkluesec/Build/Products/Debug-iphonesimulator/PackageFrameworks -F/Users/kevin/Library/Developer/Xcode/DerivedData/ScanApp-exnezpjtpmnbcvbeuskwjkluesec/Build/Products/Debug-iphonesimulator/PackageFrameworks -F/Users/kevin/Library/Developer/Xcode/DerivedData/ScanApp-exnezpjtpmnbcvbeuskwjkluesec/Build/Products/Debug-iphonesimulator -filelist /Users/kevin/Library/Developer/Xcode/DerivedData/ScanApp-exnezpjtpmnbcvbeuskwjkluesec/Build/Intermediates.noindex/ScanApp.build/Debug-iphonesimulator/ScanApp.build/Objects-normal/arm64/ScanApp.LinkFileList -Xlinker -rpath -Xlinker /Users/kevin/Library/Developer/Xcode/DerivedData/ScanApp-exnezpjtpmnbcvbeuskwjkluesec/Build/Products/Debug-iphonesimulator/PackageFrameworks -Xlinker -rpath -Xlinker @executable_path/Frameworks -dead_strip -Xlinker -object_path_lto -Xlinker /Users/kevin/Library/Developer/Xcode/DerivedData/ScanApp-exnezpjtpmnbcvbeuskwjkluesec/Build/Intermediates.noindex/ScanApp.build/Debug-iphonesimulator/ScanApp.build/Objects-normal/arm64/ScanApp_lto.o -Xlinker -export_dynamic -Xlinker -no_deduplicate -Xlinker -objc_abi_version -Xlinker 2 -Xlinker -debug_variant -fobjc-link-runtime -fprofile-instr-generate -L/Applications/Xcode.app/Contents/Developer/Toolchains/XcodeDefault.xctoolchain/usr/lib/swift/iphonesimulator -L/usr/lib/swift -Xlinker -add_ast_path -Xlinker /Users/kevin/Library/Developer/Xcode/DerivedData/ScanApp-exnezpjtpmnbcvbeuskwjkluesec/Build/Intermediates.noindex/ScanApp.build/Debug-iphonesimulator/ScanApp.build/Objects-normal/arm64/ScanApp.swiftmodule -Wl,-no_warn_duplicate_libraries -Wl,-no_warn_duplicate_libraries -Wl,-no_warn_duplicate_libraries -Wl,-no_warn_duplicate_libraries -Wl,-no_warn_duplicate_libraries -Wl,-no_warn_duplicate_libraries -Wl,-no_warn_duplicate_libraries -Wl,-no_warn_duplicate_libraries -Wl,-no_warn_duplicate_libraries -Wl,-no_warn_duplicate_libraries -Wl,-no_warn_duplicate_libraries -Wl,-no_warn_duplicate_libraries -Wl,-no_warn_duplicate_libraries -Xlinker -sectcreate -Xlinker __TEXT -Xlinker __entitlements -Xlinker /Users/kevin/Library/Developer/Xcode/DerivedData/ScanApp-exnezpjtpmnbcvbeuskwjkluesec/Build/Intermediates.noindex/ScanApp.build/Debug-iphonesimulator/ScanApp.build/ScanApp.app-Simulated.xcent -Xlinker -sectcreate -Xlinker __TEXT -Xlinker __ents_der -Xlinker /Users/kevin/Library/Developer/Xcode/DerivedData/ScanApp-exnezpjtpmnbcvbeuskwjkluesec/Build/Intermediates.noindex/ScanApp.build/Debug-iphonesimulator/ScanApp.build/ScanApp.app-Simulated.xcent.der -Xlinker -no_adhoc_codesign -Xlinker -dependency_info -Xlinker /Users/kevin/Library/Developer/Xcode/DerivedData/ScanApp-exnezpjtpmnbcvbeuskwjkluesec/Build/Intermediates.noindex/ScanApp.build/Debug-iphonesimulator/ScanApp.build/Objects-normal/arm64/ScanApp_dependency_info.dat -o /Users/kevin/Library/Developer/Xcode/DerivedData/ScanApp-exnezpjtpmnbcvbeuskwjkluesec/Build/Products/Debug-iphonesimulator/ScanApp.app/ScanApp -Xlinker -add_ast_path -Xlinker /Users/kevin/Library/Developer/Xcode/DerivedData/ScanApp-exnezpjtpmnbcvbeuskwjkluesec/Build/Intermediates.noindex/Logger.build/Debug-iphonesimulator/Logger.build/Objects-normal/arm64/Logger.swiftmodule -Xlinker -add_ast_path -Xlinker /Users/kevin/Library/Developer/Xcode/DerivedData/ScanApp-exnezpjtpmnbcvbeuskwjkluesec/Build/Intermediates.noindex/swift-log.build/Debug-iphonesimulator/Logging.build/Objects-normal/arm64/Logging.swiftmodule -Xlinker -add_ast_path -Xlinker /Users/kevin/Library/Developer/Xcode/DerivedData/ScanApp-exnezpjtpmnbcvbeuskwjkluesec/Build/Intermediates.noindex/Message.build/Debug-iphonesimulator/Message.build/Objects-normal/arm64/Message.swiftmodule -Xlinker -add_ast_path -Xlinker /Users/kevin/Library/Developer/Xcode/DerivedData/ScanApp-exnezpjtpmnbcvbeuskwjkluesec/Build/Intermediates.noindex/CoreUI.build/Debug-iphonesimulator/CoreUI.build/Objects-normal/arm64/CoreUI.swiftmodule -Xlinker -add_ast_path -Xlinker /Users/kevin/Library/Developer/Xcode/DerivedData/ScanApp-exnezpjtpmnbcvbeuskwjkluesec/Build/Intermediates.noindex/swift-markdown.build/Debug-iphonesimulator/Markdown.build/Objects-normal/arm64/Markdown.swiftmodule -Xlinker -add_ast_path -Xlinker /Users/kevin/Library/Developer/Xcode/DerivedData/ScanApp-exnezpjtpmnbcvbeuskwjkluesec/Build/Intermediates.noindex/Highlightr.build/Debug-iphonesimulator/Highlightr.build/Objects-normal/arm64/Highlightr.swiftmodule -Xlinker -add_ast_path -Xlinker /Users/kevin/Library/Developer/Xcode/DerivedData/ScanApp-exnezpjtpmnbcvbeuskwjkluesec/Build/Intermediates.noindex/NetWork.build/Debug-iphonesimulator/NetWork.build/Objects-normal/arm64/NetWork.swiftmodule -Xlinker -add_ast_path -Xlinker /Users/kevin/Library/Developer/Xcode/DerivedData/ScanApp-exnezpjtpmnbcvbeuskwjkluesec/Build/Intermediates.noindex/TestSupport.build/Debug-iphonesimulator/TestSupport.build/Objects-normal/arm64/TestSupport.swiftmodule -Xlinker -add_ast_path -Xlinker /Users/kevin/Library/Developer/Xcode/DerivedData/ScanApp-exnezpjtpmnbcvbeuskwjkluesec/Build/Intermediates.noindex/OHHTTPStubs.build/Debug-iphonesimulator/OHHTTPStubsSwift.build/Objects-normal/arm64/OHHTTPStubsSwift.swiftmodule

CopySwiftLibs /Users/kevin/Library/Developer/Xcode/DerivedData/ScanApp-exnezpjtpmnbcvbeuskwjkluesec/Build/Products/Debug-iphonesimulator/ScanApp.app (in target 'ScanApp' from project 'ScanApp')
    cd /Users/kevin/ChatBot
    builtin-swiftStdLibTool --copy --verbose --sign - --scan-executable /Users/kevin/Library/Developer/Xcode/DerivedData/ScanApp-exnezpjtpmnbcvbeuskwjkluesec/Build/Products/Debug-iphonesimulator/ScanApp.app/ScanApp --scan-folder /Users/kevin/Library/Developer/Xcode/DerivedData/ScanApp-exnezpjtpmnbcvbeuskwjkluesec/Build/Products/Debug-iphonesimulator/ScanApp.app/Frameworks --scan-folder /Users/kevin/Library/Developer/Xcode/DerivedData/ScanApp-exnezpjtpmnbcvbeuskwjkluesec/Build/Products/Debug-iphonesimulator/ScanApp.app/PlugIns --scan-folder /Users/kevin/Library/Developer/Xcode/DerivedData/ScanApp-exnezpjtpmnbcvbeuskwjkluesec/Build/Products/Debug-iphonesimulator/ScanApp.app/SystemExtensions --scan-folder /Users/kevin/Library/Developer/Xcode/DerivedData/ScanApp-exnezpjtpmnbcvbeuskwjkluesec/Build/Products/Debug-iphonesimulator/ScanApp.app/Extensions --platform iphonesimulator --toolchain /Applications/Xcode.app/Contents/Developer/Toolchains/XcodeDefault.xctoolchain --destination /Users/kevin/Library/Developer/Xcode/DerivedData/ScanApp-exnezpjtpmnbcvbeuskwjkluesec/Build/Products/Debug-iphonesimulator/ScanApp.app/Frameworks --strip-bitcode --strip-bitcode-tool /Applications/Xcode.app/Contents/Developer/Toolchains/XcodeDefault.xctoolchain/usr/bin/bitcode_strip --emit-dependency-info /Users/kevin/Library/Developer/Xcode/DerivedData/ScanApp-exnezpjtpmnbcvbeuskwjkluesec/Build/Intermediates.noindex/ScanApp.build/Debug-iphonesimulator/ScanApp.build/SwiftStdLibToolInputDependencies.dep --filter-for-swift-os

ExtractAppIntentsMetadata (in target 'ScanApp' from project 'ScanApp')
    cd /Users/kevin/ChatBot
    /Applications/Xcode.app/Contents/Developer/Toolchains/XcodeDefault.xctoolchain/usr/bin/appintentsmetadataprocessor --output /Users/kevin/Library/Developer/Xcode/DerivedData/ScanApp-exnezpjtpmnbcvbeuskwjkluesec/Build/Products/Debug-iphonesimulator/ScanApp.app --toolchain-dir /Applications/Xcode.app/Contents/Developer/Toolchains/XcodeDefault.xctoolchain --module-name ScanApp --sdk-root /Applications/Xcode.app/Contents/Developer/Platforms/iPhoneSimulator.platform/Developer/SDKs/iPhoneSimulator17.4.sdk --xcode-version 15E204a --platform-family iOS --deployment-target 17.4 --target-triple arm64-apple-ios17.4-simulator --binary-file /Users/kevin/Library/Developer/Xcode/DerivedData/ScanApp-exnezpjtpmnbcvbeuskwjkluesec/Build/Products/Debug-iphonesimulator/ScanApp.app/ScanApp --dependency-file /Users/kevin/Library/Developer/Xcode/DerivedData/ScanApp-exnezpjtpmnbcvbeuskwjkluesec/Build/Intermediates.noindex/ScanApp.build/Debug-iphonesimulator/ScanApp.build/Objects-normal/arm64/ScanApp_dependency_info.dat --stringsdata-file /Users/kevin/Library/Developer/Xcode/DerivedData/ScanApp-exnezpjtpmnbcvbeuskwjkluesec/Build/Intermediates.noindex/ScanApp.build/Debug-iphonesimulator/ScanApp.build/Objects-normal/arm64/ExtractedAppShortcutsMetadata.stringsdata --source-file-list /Users/kevin/Library/Developer/Xcode/DerivedData/ScanApp-exnezpjtpmnbcvbeuskwjkluesec/Build/Intermediates.noindex/ScanApp.build/Debug-iphonesimulator/ScanApp.build/Objects-normal/arm64/ScanApp.SwiftFileList --swift-const-vals-list /Users/kevin/Library/Developer/Xcode/DerivedData/ScanApp-exnezpjtpmnbcvbeuskwjkluesec/Build/Intermediates.noindex/ScanApp.build/Debug-iphonesimulator/ScanApp.build/Objects-normal/arm64/ScanApp.SwiftConstValuesFileList --compile-time-extraction --deployment-aware-processing
note: Metadata extraction skipped. No AppIntents.framework dependency found. (in target 'ScanApp' from project 'ScanApp')

CodeSign /Users/kevin/Library/Developer/Xcode/DerivedData/ScanApp-exnezpjtpmnbcvbeuskwjkluesec/Build/Products/Debug-iphonesimulator/ScanApp.app (in target 'ScanApp' from project 'ScanApp')
    cd /Users/kevin/ChatBot
    
    Signing Identity:     "-"
    
    /usr/bin/codesign --force --sign - --entitlements /Users/kevin/Library/Developer/Xcode/DerivedData/ScanApp-exnezpjtpmnbcvbeuskwjkluesec/Build/Intermediates.noindex/ScanApp.build/Debug-iphonesimulator/ScanApp.build/ScanApp.app.xcent --timestamp\=none --generate-entitlement-der /Users/kevin/Library/Developer/Xcode/DerivedData/ScanApp-exnezpjtpmnbcvbeuskwjkluesec/Build/Products/Debug-iphonesimulator/ScanApp.app

Validate /Users/kevin/Library/Developer/Xcode/DerivedData/ScanApp-exnezpjtpmnbcvbeuskwjkluesec/Build/Products/Debug-iphonesimulator/ScanApp.app (in target 'ScanApp' from project 'ScanApp')
    cd /Users/kevin/ChatBot
    builtin-validationUtility /Users/kevin/Library/Developer/Xcode/DerivedData/ScanApp-exnezpjtpmnbcvbeuskwjkluesec/Build/Products/Debug-iphonesimulator/ScanApp.app

** BUILD SUCCEEDED **

